<?xml version="1.0" encoding="UTF-8"?>
<!-- Generated by org.testng.reporters.JUnitReportReporter -->
<testsuite hostname="DESKTOP-3I9O940" failures="0" tests="1" name="com.store.TestCases.PlaceOrderPage" time="18.693" errors="0" timestamp="2024-08-07T10:56:48 IST" skipped="0">
  <testcase classname="com.store.TestCases.PlaceOrderPage" name="placeOrder" time="18.693"/>
</testsuite> <!-- com.store.TestCases.PlaceOrderPage -->
