<?xml version="1.0" encoding="UTF-8"?>
<!-- Generated by org.testng.reporters.JUnitReportReporter -->
<testsuite hostname="DESKTOP-3I9O940" failures="0" tests="1" name="com.store.TestCases.CartPage" time="11.268" errors="0" timestamp="2024-08-07T09:43:38 IST" skipped="0">
  <testcase classname="com.store.TestCases.CartPage" name="testCartFunction" time="11.268"/>
</testsuite> <!-- com.store.TestCases.CartPage -->
