<?xml version="1.0" encoding="UTF-8"?>
<!-- Generated by org.testng.reporters.JUnitReportReporter -->
<testsuite hostname="DESKTOP-3I9O940" failures="0" tests="1" name="com.store.TestCases.SignUpPage" time="8.846" errors="0" timestamp="2024-08-07T10:54:25 IST" skipped="0">
  <testcase classname="com.store.TestCases.SignUpPage" name="testSignUpFunction" time="8.846"/>
</testsuite> <!-- com.store.TestCases.SignUpPage -->
