<?xml version="1.0" encoding="UTF-8"?>
<!-- Generated by org.testng.reporters.JUnitReportReporter -->
<testsuite hostname="DESKTOP-3I9O940" failures="0" tests="1" name="com.store.TestCases.ContactPage" time="10.652" errors="0" timestamp="2024-08-07T10:59:29 IST" skipped="0">
  <testcase classname="com.store.TestCases.ContactPage" name="testContactForm" time="10.652"/>
</testsuite> <!-- com.store.TestCases.ContactPage -->
