<?xml version="1.0" encoding="UTF-8"?>
<!-- Generated by org.testng.reporters.JUnitReportReporter -->
<testsuite hostname="DESKTOP-3I9O940" failures="0" tests="1" name="com.store.TestCases.HomePage" time="3.584" errors="0" timestamp="2024-08-07T09:58:10 IST" skipped="0">
  <testcase classname="com.store.TestCases.HomePage" name="testHomeFunction" time="3.584"/>
</testsuite> <!-- com.store.TestCases.HomePage -->
