<?xml version="1.0" encoding="UTF-8"?>
<!-- Generated by org.testng.reporters.JUnitReportReporter -->
<testsuite hostname="DESKTOP-3I9O940" failures="0" tests="2" name="com.store.TestCases.Login" time="8.657" errors="0" timestamp="2024-08-07T10:52:55 IST" skipped="0">
  <testcase classname="com.store.TestCases.Login" name="testLogin" time="3.433"/>
  <testcase classname="com.store.TestCases.Login" name="testInvalidUsernameandpassword" time="5.224"/>
</testsuite> <!-- com.store.TestCases.Login -->
