<?xml version="1.0" encoding="UTF-8"?>
<!-- Generated by org.testng.reporters.JUnitReportReporter -->
<testsuite hostname="DESKTOP-3I9O940" failures="0" tests="1" name="com.store.TestCases.SignUp" time="5.096" errors="0" timestamp="2024-08-07T09:51:27 IST" skipped="0">
  <testcase classname="com.store.TestCases.SignUp" name="testSignUpFunction" time="5.096"/>
</testsuite> <!-- com.store.TestCases.SignUp -->
